mode: set
TestProject\container\nonrpeatingsubstr\nonrepeating.go:5.47,10.31 4 1
TestProject\container\nonrpeatingsubstr\nonrepeating.go:22.2,22.18 1 1
TestProject\container\nonrpeatingsubstr\nonrepeating.go:10.31,11.58 1 1
TestProject\container\nonrpeatingsubstr\nonrepeating.go:15.3,15.28 1 1
TestProject\container\nonrpeatingsubstr\nonrepeating.go:19.3,19.23 1 1
TestProject\container\nonrpeatingsubstr\nonrepeating.go:11.58,13.4 1 1
TestProject\container\nonrpeatingsubstr\nonrepeating.go:15.28,17.4 1 1
TestProject\container\nonrpeatingsubstr\nonrepeating.go:25.13,32.2 5 0
